<?xml version="1.0" encoding="UTF-8"?>
<testng-results skipped="0" failed="0" total="2" passed="2">
  <reporter-output>
  </reporter-output>
  <suite name="Suite1" duration-ms="36908" started-at="2018-03-31T03:31:08Z" finished-at="2018-03-31T03:31:45Z">
    <groups>
    </groups>
    <test name="hello" duration-ms="36908" started-at="2018-03-31T03:31:08Z" finished-at="2018-03-31T03:31:45Z">
      <class name="com.automation.DemoProject.DemoTestClass">
        <test-method status="PASS" signature="testUrl(java.lang.String)[pri:0, instance:com.automation.DemoProject.DemoTestClass@b8ed23]" name="testUrl" duration-ms="22674" started-at="2018-03-31T09:01:08Z" finished-at="2018-03-31T09:01:31Z">
          <params>
            <param index="0">
              <value>
                <![CDATA[https://www.guru99.com/]]>
              </value>
            </param>
          </params>
          <reporter-output>
          </reporter-output>
        </test-method> <!-- testUrl -->
        <test-method status="PASS" signature="testHomePage()[pri:0, instance:com.automation.DemoProject.DemoTestClass@b8ed23]" name="testHomePage" duration-ms="14208" started-at="2018-03-31T09:01:31Z" depends-on-methods="com.automation.DemoProject.DemoTestClass.testUrl" finished-at="2018-03-31T09:01:45Z">
          <reporter-output>
          </reporter-output>
        </test-method> <!-- testHomePage -->
      </class> <!-- com.automation.DemoProject.DemoTestClass -->
    </test> <!-- hello -->
  </suite> <!-- Suite1 -->
</testng-results>
